<?xml version="1.0" encoding="UTF-8"?>
<!-- Generated by org.testng.reporters.JUnitReportReporter -->
<testsuite hostname="DESKTOP-SQ7EEJ2" failures="0" tests="4" name="com.selenium.tests.RegisterTest" time="35.283" errors="0" timestamp="2023-11-29T10:10:37 IST" skipped="0">
  <testcase classname="com.selenium.tests.RegisterTest" name="registerAccountWithValidFields" time="8.765"/>
  <system-out/>
  <testcase classname="com.selenium.tests.RegisterTest" name="registerAccountWithValidFieldsAndSubscribeAsYes" time="8.222"/>
  <system-out/>
  <testcase classname="com.selenium.tests.RegisterTest" name="registerAccountWithoutAgreeingToPrivacyPolicy" time="12.315"/>
  <system-out/>
  <testcase classname="com.selenium.tests.RegisterTest" name="registerAccountWithoutEnteringAnyFields" time="5.981"/>
  <system-out/>
</testsuite> <!-- com.selenium.tests.RegisterTest -->
