<?xml version="1.0" encoding="UTF-8"?>
<!-- Generated by org.testng.reporters.JUnitReportReporter -->
<testsuite hostname="DESKTOP-SQ7EEJ2" failures="0" tests="3" name="com.selenium.tests.LoginTest" time="12.297" errors="0" timestamp="2023-11-29T10:10:37 IST" skipped="1">
  <testcase classname="com.selenium.tests.LoginTest" name="loginWithValidCredentials" time="4.885">
    <skipped/>
  </testcase> <!-- loginWithValidCredentials -->
  <system-out/>
  <testcase classname="com.selenium.tests.LoginTest" name="loginWithValidUsernameAndWrongPassword" time="6.672"/>
  <system-out/>
  <testcase classname="com.selenium.tests.LoginTest" name="loginWithNoCredentials" time="0.740"/>
  <system-out/>
</testsuite> <!-- com.selenium.tests.LoginTest -->
