<?xml version="1.0" encoding="UTF-8"?>
<!-- Generated by org.testng.reporters.JUnitReportReporter -->
<testsuite hostname="DESKTOP-SQ7EEJ2" failures="0" tests="4" name="com.selenium.tests.RegisterTest" time="30.599" errors="0" timestamp="2023-11-29T10:43:50 IST" skipped="0">
  <testcase classname="com.selenium.tests.RegisterTest" name="registerAccountWithValidFields" time="9.504"/>
  <testcase classname="com.selenium.tests.RegisterTest" name="registerAccountWithValidFieldsAndSubscribeAsYes" time="7.667"/>
  <testcase classname="com.selenium.tests.RegisterTest" name="registerAccountWithoutAgreeingToPrivacyPolicy" time="6.960"/>
  <testcase classname="com.selenium.tests.RegisterTest" name="registerAccountWithoutEnteringAnyFields" time="6.468"/>
</testsuite> <!-- com.selenium.tests.RegisterTest -->
