<?xml version="1.0" encoding="UTF-8"?>
<!-- Generated by org.testng.reporters.JUnitReportReporter -->
<testsuite hostname="DESKTOP-SQ7EEJ2" failures="0" tests="5" name="com.selenium.tests.LoginTest" time="31.924" errors="0" timestamp="2023-11-29T10:43:50 IST" skipped="0">
  <testcase classname="com.selenium.tests.LoginTest" name="loginWithValidCredentials" time="6.332"/>
  <testcase classname="com.selenium.tests.LoginTest" name="loginWithValidCredentials" time="6.085"/>
  <testcase classname="com.selenium.tests.LoginTest" name="loginWithValidCredentials" time="8.102"/>
  <testcase classname="com.selenium.tests.LoginTest" name="loginWithValidUsernameAndWrongPassword" time="5.892"/>
  <testcase classname="com.selenium.tests.LoginTest" name="loginWithNoCredentials" time="5.513"/>
</testsuite> <!-- com.selenium.tests.LoginTest -->
